<?xml version="1.0" encoding="UTF-8"?>
<!-- Generated by org.testng.reporters.JUnitReportReporter -->
<testsuite hostname="C100-22" failures="0" tests="2" name="Test1" time="45.540" errors="0" timestamp="2022-11-04T15:36:51 IST" skipped="0">
  <testcase classname="Test1" name="verifygooglesearchprocess" time="12.275"/>
  <system-out/>
  <testcase classname="Test1" name="clickOnSearchedUrl" time="33.265"/>
  <system-out/>
</testsuite> <!-- Test1 -->
