<?xml version="1.0" encoding="UTF-8"?>
<!-- Generated by org.testng.reporters.JUnitReportReporter -->
<testsuite hostname="C100-22" failures="0" tests="2" name="Testcase.Test1" time="53.996" errors="0" timestamp="2022-11-07T11:09:04 IST" skipped="0">
  <testcase classname="Testcase.Test1" name="verifygooglesearchprocess" time="4.708"/>
  <system-out/>
  <testcase classname="Testcase.Test1" name="clickOnSearchedUrl" time="49.288"/>
  <system-out/>
</testsuite> <!-- Testcase.Test1 -->
