<?xml version="1.0" encoding="UTF-8"?>
<!-- Generated by org.testng.reporters.JUnitReportReporter -->
<testsuite hostname="C100-22" failures="0" tests="2" name="Test1" time="35.323" errors="0" timestamp="2022-11-04T14:36:31 IST" skipped="0">
  <testcase classname="Test1" name="verifygooglesearchprocess" time="5.497"/>
  <system-out/>
  <testcase classname="Test1" name="clickOnSearchedUrl" time="29.826"/>
  <system-out/>
</testsuite> <!-- Test1 -->
