<?xml version="1.0" encoding="UTF-8"?>
<!-- Generated by org.testng.reporters.JUnitReportReporter -->
<testsuite hostname="C100-22" failures="0" tests="2" name="Testcase.Test1" time="61.784" errors="0" timestamp="2022-11-07T14:36:38 IST" skipped="0">
  <testcase classname="Testcase.Test1" name="verifygooglesearchprocess" time="3.966"/>
  <system-out/>
  <testcase classname="Testcase.Test1" name="clickOnSearchedUrl" time="57.818"/>
  <system-out/>
</testsuite> <!-- Testcase.Test1 -->
